2024-12-01 00:00:28 [FelixDispatchQueue] ERROR Events.Framework - FrameworkEvent ERROR
org.osgi.framework.BundleException: Unable to resolve cl.psp.cuenta [20](R 20.0): missing requirement [cl.psp.cuenta [20](R 20.0)] osgi.wiring.package; (osgi.wiring.package=cl.psp.base) Unresolved requirements: [[cl.psp.cuenta [20](R 20.0)] osgi.wiring.package; (osgi.wiring.package=cl.psp.base)]
	at org.apache.felix.framework.Felix.resolveBundleRevision(Felix.java:4398) ~[org.apache.felix.framework-7.0.5.jar:?]
	at org.apache.felix.framework.Felix.startBundle(Felix.java:2308) ~[org.apache.felix.framework-7.0.5.jar:?]
	at org.apache.felix.framework.Felix.setActiveStartLevel(Felix.java:1566) ~[org.apache.felix.framework-7.0.5.jar:?]
	at org.apache.felix.framework.FrameworkStartLevelImpl.run(FrameworkStartLevelImpl.java:297) ~[org.apache.felix.framework-7.0.5.jar:?]
	at java.lang.Thread.run(Thread.java:840) ~[?:?]
2024-12-01 00:00:28 [BundleWatcher: 1] INFO  org.ops4j.pax.exam.raw.extender.intern.Parser - Use timeout value: 10000
2024-12-01 00:00:28 [RMI TCP Connection(1)-127.0.0.1] INFO  org.ops4j.pax.exam.invoker.junit.internal.ContainerTestRunner - running testBundlesActivos in reactor
2024-12-01 00:00:28 [RMI TCP Connection(1)-127.0.0.1] INFO  org.ops4j.pax.exam.invoker.junit.internal.ContainerTestRunner - running testPagoNuevo in reactor
2024-12-01 00:00:28 [RMI TCP Connection(1)-127.0.0.1] INFO  org.test.activator.TestBundleIntegration - Pruebas fallidas:
2024-12-01 00:00:28 [RMI TCP Connection(1)-127.0.0.1] INFO  org.test.activator.TestBundleIntegration - initializationError(org.test.nuevo.TestPagoNuevo): cl/psp/base/CalculadoraDescuento
2024-12-01 00:00:28 [RMI TCP Connection(1)-127.0.0.1] INFO  org.ops4j.pax.exam.invoker.junit.internal.ContainerTestRunner - running testPagoAntiguo in reactor
2024-12-01 00:00:28 [RMI TCP Connection(1)-127.0.0.1] INFO  org.test.antiguo.TestPagoAntiguo - Iniciando test: Verificar si crearCuenta tiene dependencia directa con Cuenta.
2024-12-01 00:00:28 [RMI TCP Connection(1)-127.0.0.1] ERROR org.test.antiguo.TestPagoAntiguo - La clase especificada no se encontr?.
java.lang.ClassNotFoundException: org.cliente.Cliente not found by PAXEXAM-PROBE-f94fefc1-c29c-4553-b914-f56c8d87a179 [22]
	at org.apache.felix.framework.BundleWiringImpl.findClassOrResourceByDelegation(BundleWiringImpl.java:1591) ~[org.apache.felix.framework-7.0.5.jar:?]
	at org.apache.felix.framework.BundleWiringImpl.access$300(BundleWiringImpl.java:79) ~[org.apache.felix.framework-7.0.5.jar:?]
	at org.apache.felix.framework.BundleWiringImpl$BundleClassLoader.loadClass(BundleWiringImpl.java:1976) ~[org.apache.felix.framework-7.0.5.jar:?]
	at java.lang.ClassLoader.loadClass(ClassLoader.java:525) ~[?:?]
	at java.lang.Class.forName0(Native Method) ~[?:?]
	at java.lang.Class.forName(Class.java:375) ~[?:?]
	at org.test.antiguo.TestPagoAntiguo.testCrearCuentaTieneDependenciaDirectaConCuenta(TestPagoAntiguo.java:22) ~[?:?]
	at jdk.internal.reflect.NativeMethodAccessorImpl.invoke0(Native Method) ~[?:?]
	at jdk.internal.reflect.NativeMethodAccessorImpl.invoke(NativeMethodAccessorImpl.java:77) ~[?:?]
	at jdk.internal.reflect.DelegatingMethodAccessorImpl.invoke(DelegatingMethodAccessorImpl.java:43) ~[?:?]
	at java.lang.reflect.Method.invoke(Method.java:569) ~[?:?]
	at org.junit.runners.model.FrameworkMethod$1.runReflectiveCall(FrameworkMethod.java:50) ~[?:?]
	at org.junit.internal.runners.model.ReflectiveCallable.run(ReflectiveCallable.java:12) ~[?:?]
	at org.junit.runners.model.FrameworkMethod.invokeExplosively(FrameworkMethod.java:47) ~[?:?]
	at org.junit.internal.runners.statements.InvokeMethod.evaluate(InvokeMethod.java:17) ~[?:?]
	at org.junit.runners.ParentRunner.runLeaf(ParentRunner.java:325) ~[?:?]
	at org.junit.runners.BlockJUnit4ClassRunner.runChild(BlockJUnit4ClassRunner.java:78) ~[?:?]
	at org.junit.runners.BlockJUnit4ClassRunner.runChild(BlockJUnit4ClassRunner.java:57) ~[?:?]
	at org.junit.runners.ParentRunner$3.run(ParentRunner.java:290) ~[?:?]
	at org.junit.runners.ParentRunner$1.schedule(ParentRunner.java:71) ~[?:?]
	at org.junit.runners.ParentRunner.runChildren(ParentRunner.java:288) ~[?:?]
	at org.junit.runners.ParentRunner.access$000(ParentRunner.java:58) ~[?:?]
	at org.junit.runners.ParentRunner$2.evaluate(ParentRunner.java:268) ~[?:?]
	at org.junit.runners.ParentRunner.run(ParentRunner.java:363) ~[?:?]
	at org.junit.runners.Suite.runChild(Suite.java:128) ~[?:?]
	at org.junit.runners.Suite.runChild(Suite.java:27) ~[?:?]
	at org.junit.runners.ParentRunner$3.run(ParentRunner.java:290) ~[?:?]
	at org.junit.runners.ParentRunner$1.schedule(ParentRunner.java:71) ~[?:?]
	at org.junit.runners.ParentRunner.runChildren(ParentRunner.java:288) ~[?:?]
	at org.junit.runners.ParentRunner.access$000(ParentRunner.java:58) ~[?:?]
	at org.junit.runners.ParentRunner$2.evaluate(ParentRunner.java:268) ~[?:?]
	at org.junit.runners.ParentRunner.run(ParentRunner.java:363) ~[?:?]
	at org.junit.runner.JUnitCore.run(JUnitCore.java:137) ~[?:?]
	at org.junit.runner.JUnitCore.run(JUnitCore.java:115) ~[?:?]
	at org.junit.runner.JUnitCore.run(JUnitCore.java:105) ~[?:?]
	at org.junit.runner.JUnitCore.runClasses(JUnitCore.java:62) ~[?:?]
	at org.junit.runner.JUnitCore.runClasses(JUnitCore.java:49) ~[?:?]
	at org.test.activator.TestBundleIntegration.testPagoAntiguo(TestBundleIntegration.java:78) ~[?:?]
	at jdk.internal.reflect.NativeMethodAccessorImpl.invoke0(Native Method) ~[?:?]
	at jdk.internal.reflect.NativeMethodAccessorImpl.invoke(NativeMethodAccessorImpl.java:77) ~[?:?]
	at jdk.internal.reflect.DelegatingMethodAccessorImpl.invoke(DelegatingMethodAccessorImpl.java:43) ~[?:?]
	at java.lang.reflect.Method.invoke(Method.java:569) ~[?:?]
	at org.junit.runners.model.FrameworkMethod$1.runReflectiveCall(FrameworkMethod.java:50) ~[?:?]
	at org.junit.internal.runners.model.ReflectiveCallable.run(ReflectiveCallable.java:12) ~[?:?]
	at org.junit.runners.model.FrameworkMethod.invokeExplosively(FrameworkMethod.java:47) ~[?:?]
	at org.junit.internal.runners.statements.InvokeMethod.evaluate(InvokeMethod.java:17) ~[?:?]
	at org.ops4j.pax.exam.invoker.junit.internal.ContainerTestRunner.runLeafWithRetry(ContainerTestRunner.java:97) ~[?:?]
	at org.ops4j.pax.exam.invoker.junit.internal.ContainerTestRunner.runChildWithRetry(ContainerTestRunner.java:84) ~[?:?]
	at org.ops4j.pax.exam.invoker.junit.internal.ContainerTestRunner.runChild(ContainerTestRunner.java:75) ~[?:?]
	at org.ops4j.pax.exam.invoker.junit.internal.ContainerTestRunner.runChild(ContainerTestRunner.java:43) ~[?:?]
	at org.junit.runners.ParentRunner$3.run(ParentRunner.java:290) ~[?:?]
	at org.junit.runners.ParentRunner$1.schedule(ParentRunner.java:71) ~[?:?]
	at org.junit.runners.ParentRunner.runChildren(ParentRunner.java:288) ~[?:?]
	at org.junit.runners.ParentRunner.access$000(ParentRunner.java:58) ~[?:?]
	at org.junit.runners.ParentRunner$2.evaluate(ParentRunner.java:268) ~[?:?]
	at org.junit.runners.ParentRunner.run(ParentRunner.java:363) ~[?:?]
	at org.junit.runner.JUnitCore.run(JUnitCore.java:137) ~[?:?]
	at org.junit.runner.JUnitCore.run(JUnitCore.java:115) ~[?:?]
	at org.ops4j.pax.exam.invoker.junit.internal.JUnitProbeInvoker.invokeViaJUnit(JUnitProbeInvoker.java:124) ~[?:?]
	at org.ops4j.pax.exam.invoker.junit.internal.JUnitProbeInvoker.findAndInvoke(JUnitProbeInvoker.java:97) ~[?:?]
	at org.ops4j.pax.exam.invoker.junit.internal.JUnitProbeInvoker.call(JUnitProbeInvoker.java:73) ~[?:?]
	at jdk.internal.reflect.NativeMethodAccessorImpl.invoke0(Native Method) ~[?:?]
	at jdk.internal.reflect.NativeMethodAccessorImpl.invoke(NativeMethodAccessorImpl.java:77) ~[?:?]
	at jdk.internal.reflect.DelegatingMethodAccessorImpl.invoke(DelegatingMethodAccessorImpl.java:43) ~[?:?]
	at java.lang.reflect.Method.invoke(Method.java:569) ~[?:?]
	at org.ops4j.pax.swissbox.framework.RemoteFrameworkImpl.invokeMethodOnService(RemoteFrameworkImpl.java:435) ~[pax-swissbox-framework-1.8.3.jar:?]
	at org.ops4j.pax.swissbox.framework.RemoteFrameworkImpl.invokeMethodOnService(RemoteFrameworkImpl.java:408) ~[pax-swissbox-framework-1.8.3.jar:?]
	at jdk.internal.reflect.NativeMethodAccessorImpl.invoke0(Native Method) ~[?:?]
	at jdk.internal.reflect.NativeMethodAccessorImpl.invoke(NativeMethodAccessorImpl.java:77) ~[?:?]
	at jdk.internal.reflect.DelegatingMethodAccessorImpl.invoke(DelegatingMethodAccessorImpl.java:43) ~[?:?]
	at java.lang.reflect.Method.invoke(Method.java:569) ~[?:?]
	at sun.rmi.server.UnicastServerRef.dispatch(UnicastServerRef.java:360) ~[?:?]
	at sun.rmi.transport.Transport$1.run(Transport.java:200) ~[?:?]
	at sun.rmi.transport.Transport$1.run(Transport.java:197) ~[?:?]
	at java.security.AccessController.doPrivileged(AccessController.java:712) ~[?:?]
	at sun.rmi.transport.Transport.serviceCall(Transport.java:196) ~[?:?]
	at sun.rmi.transport.tcp.TCPTransport.handleMessages(TCPTransport.java:587) ~[?:?]
	at sun.rmi.transport.tcp.TCPTransport$ConnectionHandler.run0(TCPTransport.java:828) ~[?:?]
	at sun.rmi.transport.tcp.TCPTransport$ConnectionHandler.lambda$run$0(TCPTransport.java:705) ~[?:?]
	at java.security.AccessController.doPrivileged(AccessController.java:399) ~[?:?]
	at sun.rmi.transport.tcp.TCPTransport$ConnectionHandler.run(TCPTransport.java:704) ~[?:?]
	at java.util.concurrent.ThreadPoolExecutor.runWorker(ThreadPoolExecutor.java:1136) ~[?:?]
	at java.util.concurrent.ThreadPoolExecutor$Worker.run(ThreadPoolExecutor.java:635) ~[?:?]
	at java.lang.Thread.run(Thread.java:840) ~[?:?]
2024-12-01 00:00:28 [RMI TCP Connection(1)-127.0.0.1] INFO  org.test.activator.TestBundleIntegration - Pruebas fallidas:
2024-12-01 00:00:28 [RMI TCP Connection(1)-127.0.0.1] INFO  org.test.activator.TestBundleIntegration - testCrearCuentaTieneDependenciaDirectaConCuenta(org.test.antiguo.TestPagoAntiguo): No se pudo encontrar la clase Cliente.
